[2026-02-20 12:36:05] [INFO] Iniciando escaneo de archivos en: c:\METAS_SANITARIAS_2026_PROYECTO\DATOS\ENTRADA\REM_ANO_ACTUAL\SERIE_A
[2026-02-20 12:36:05] [INFO] Archivo validado y agregado: 121305A.xlsm -> Centro: VILLA ALEGRE
[2026-02-20 12:36:05] [INFO] Archivo validado y agregado: 121306A.xlsm -> Centro: SANTA ROSA
[2026-02-20 12:36:05] [INFO] Archivo validado y agregado: 121307A.xlsm -> Centro: AMANECER
[2026-02-20 12:36:05] [INFO] Archivo validado y agregado: 121309A.xlsm -> Centro: PUEBLO NUEVO
[2026-02-20 12:36:05] [INFO] Archivo validado y agregado: 121347A.xlsm -> Centro: PEDRO DE VALDIVIA
[2026-02-20 12:36:05] [INFO] Archivo validado y agregado: 121350A.xlsm -> Centro: LABRANZA
[2026-02-20 12:36:05] [INFO] Archivo validado y agregado: 121352A.xlsm -> Centro: M. VALECH
[2026-02-20 12:36:05] [INFO] Archivo validado y agregado: 121780A.xlsm -> Centro: EL SALAR
[2026-02-20 12:36:05] [INFO] Archivo validado y agregado: 121782A.xlsm -> Centro: ARQUENCO
[2026-02-20 12:36:05] [INFO] Archivo validado y agregado: 121788A.xlsm -> Centro: LAS QUILAS
[2026-02-20 12:36:05] [WARNING] Archivo ignorado (Centro NO autorizado/desconocido): 121789A.xlsm (Codigo detectado: 121789)
[2026-02-20 12:36:05] [INFO] Archivo validado y agregado: 200183A.xlsm -> Centro: EL CARMEN
[2026-02-20 12:36:05] [INFO] Archivo validado y agregado: 121305A.xlsm -> Centro: VILLA ALEGRE
[2026-02-20 12:36:05] [INFO] Archivo validado y agregado: 121306A.xlsm -> Centro: SANTA ROSA
[2026-02-20 12:36:05] [INFO] Archivo validado y agregado: 121307A.xlsm -> Centro: AMANECER
[2026-02-20 12:36:05] [INFO] Archivo validado y agregado: 121309A.xlsm -> Centro: PUEBLO NUEVO
[2026-02-20 12:36:05] [INFO] Archivo validado y agregado: 121347A.xlsm -> Centro: PEDRO DE VALDIVIA
[2026-02-20 12:36:05] [INFO] Archivo validado y agregado: 121350A.xlsm -> Centro: LABRANZA
[2026-02-20 12:36:05] [INFO] Archivo validado y agregado: 121352A.xlsm -> Centro: M. VALECH
[2026-02-20 12:36:05] [INFO] Archivo validado y agregado: 121780A.xlsm -> Centro: EL SALAR
[2026-02-20 12:36:05] [INFO] Archivo validado y agregado: 121782A.xlsm -> Centro: ARQUENCO
[2026-02-20 12:36:05] [INFO] Archivo validado y agregado: 121788A.xlsm -> Centro: LAS QUILAS
[2026-02-20 12:36:05] [INFO] Archivo validado y agregado: 200183A.xlsm -> Centro: EL CARMEN
[2026-02-20 12:36:05] [INFO] Archivo validado y agregado: 121305A.xlsm -> Centro: VILLA ALEGRE
[2026-02-20 12:36:05] [INFO] Archivo validado y agregado: 121306A.xlsm -> Centro: SANTA ROSA
[2026-02-20 12:36:05] [INFO] Archivo validado y agregado: 121307A.xlsm -> Centro: AMANECER
[2026-02-20 12:36:05] [INFO] Archivo validado y agregado: 121309A.xlsm -> Centro: PUEBLO NUEVO
[2026-02-20 12:36:05] [INFO] Archivo validado y agregado: 121347A.xlsm -> Centro: PEDRO DE VALDIVIA
[2026-02-20 12:36:05] [INFO] Archivo validado y agregado: 121350A.xlsm -> Centro: LABRANZA
[2026-02-20 12:36:05] [INFO] Archivo validado y agregado: 121352A.xlsm -> Centro: M. VALECH
[2026-02-20 12:36:05] [INFO] Archivo validado y agregado: 121780A.xlsm -> Centro: EL SALAR
[2026-02-20 12:36:05] [INFO] Archivo validado y agregado: 121782A.xlsm -> Centro: ARQUENCO
[2026-02-20 12:36:05] [INFO] Archivo validado y agregado: 121788A.xlsm -> Centro: LAS QUILAS
[2026-02-20 12:36:05] [INFO] Archivo validado y agregado: 200183A.xlsm -> Centro: EL CARMEN
[2026-02-20 12:36:05] [INFO] Archivo validado y agregado: 121305A.xlsm -> Centro: VILLA ALEGRE
[2026-02-20 12:36:05] [INFO] Archivo validado y agregado: 121306A.xlsm -> Centro: SANTA ROSA
[2026-02-20 12:36:05] [INFO] Archivo validado y agregado: 121307A.xlsm -> Centro: AMANECER
[2026-02-20 12:36:05] [INFO] Archivo validado y agregado: 121309A.xlsm -> Centro: PUEBLO NUEVO
[2026-02-20 12:36:05] [INFO] Archivo validado y agregado: 121347A.xlsm -> Centro: PEDRO DE VALDIVIA
[2026-02-20 12:36:05] [INFO] Archivo validado y agregado: 121350A.xlsm -> Centro: LABRANZA
[2026-02-20 12:36:05] [INFO] Archivo validado y agregado: 121352A.xlsm -> Centro: M. VALECH
[2026-02-20 12:36:05] [INFO] Archivo validado y agregado: 121780A.xlsm -> Centro: EL SALAR
[2026-02-20 12:36:05] [INFO] Archivo validado y agregado: 121782A.xlsm -> Centro: ARQUENCO
[2026-02-20 12:36:05] [INFO] Archivo validado y agregado: 121788A.xlsm -> Centro: LAS QUILAS
[2026-02-20 12:36:05] [INFO] Archivo validado y agregado: 200183A.xlsm -> Centro: EL CARMEN
[2026-02-20 12:36:05] [INFO] Archivo validado y agregado: 121305A.xlsm -> Centro: VILLA ALEGRE
[2026-02-20 12:36:05] [INFO] Archivo validado y agregado: 121306A.xlsm -> Centro: SANTA ROSA
[2026-02-20 12:36:05] [INFO] Archivo validado y agregado: 121307A.xlsm -> Centro: AMANECER
[2026-02-20 12:36:05] [INFO] Archivo validado y agregado: 121309A.xlsm -> Centro: PUEBLO NUEVO
[2026-02-20 12:36:05] [INFO] Archivo validado y agregado: 121347A.xlsm -> Centro: PEDRO DE VALDIVIA
[2026-02-20 12:36:05] [INFO] Archivo validado y agregado: 121350A.xlsm -> Centro: LABRANZA
[2026-02-20 12:36:05] [INFO] Archivo validado y agregado: 121352A.xlsm -> Centro: M. VALECH
[2026-02-20 12:36:05] [INFO] Archivo validado y agregado: 121780A.xlsm -> Centro: EL SALAR
[2026-02-20 12:36:05] [INFO] Archivo validado y agregado: 121782A.xlsm -> Centro: ARQUENCO
[2026-02-20 12:36:05] [INFO] Archivo validado y agregado: 121788A.xlsm -> Centro: LAS QUILAS
[2026-02-20 12:36:05] [INFO] Archivo validado y agregado: 200183A.xlsm -> Centro: EL CARMEN
[2026-02-20 12:36:05] [INFO] Archivo validado y agregado: 121305A.xlsm -> Centro: VILLA ALEGRE
[2026-02-20 12:36:05] [INFO] Archivo validado y agregado: 121306A.xlsm -> Centro: SANTA ROSA
[2026-02-20 12:36:05] [INFO] Archivo validado y agregado: 121307A.xlsm -> Centro: AMANECER
[2026-02-20 12:36:05] [INFO] Archivo validado y agregado: 121309A.xlsm -> Centro: PUEBLO NUEVO
[2026-02-20 12:36:05] [INFO] Archivo validado y agregado: 121347A.xlsm -> Centro: PEDRO DE VALDIVIA
[2026-02-20 12:36:05] [INFO] Archivo validado y agregado: 121350A.xlsm -> Centro: LABRANZA
[2026-02-20 12:36:05] [INFO] Archivo validado y agregado: 121352A.xlsm -> Centro: M. VALECH
[2026-02-20 12:36:05] [INFO] Archivo validado y agregado: 121780A.xlsm -> Centro: EL SALAR
[2026-02-20 12:36:05] [INFO] Archivo validado y agregado: 121782A.xlsm -> Centro: ARQUENCO
[2026-02-20 12:36:05] [INFO] Archivo validado y agregado: 121788A.xlsm -> Centro: LAS QUILAS
[2026-02-20 12:36:05] [INFO] Archivo validado y agregado: 200183A.xlsm -> Centro: EL CARMEN
[2026-02-20 12:36:05] [INFO] Archivo validado y agregado: 121305A.xlsm -> Centro: VILLA ALEGRE
[2026-02-20 12:36:05] [INFO] Archivo validado y agregado: 121306A.xlsm -> Centro: SANTA ROSA
[2026-02-20 12:36:05] [INFO] Archivo validado y agregado: 121307A.xlsm -> Centro: AMANECER
[2026-02-20 12:36:05] [INFO] Archivo validado y agregado: 121309A.xlsm -> Centro: PUEBLO NUEVO
[2026-02-20 12:36:05] [INFO] Archivo validado y agregado: 121347A.xlsm -> Centro: PEDRO DE VALDIVIA
[2026-02-20 12:36:05] [INFO] Archivo validado y agregado: 121350A.xlsm -> Centro: LABRANZA
[2026-02-20 12:36:05] [INFO] Archivo validado y agregado: 121352A.xlsm -> Centro: M. VALECH
[2026-02-20 12:36:05] [INFO] Archivo validado y agregado: 121780A.xlsm -> Centro: EL SALAR
[2026-02-20 12:36:05] [INFO] Archivo validado y agregado: 121782A.xlsm -> Centro: ARQUENCO
[2026-02-20 12:36:05] [INFO] Archivo validado y agregado: 121788A.xlsm -> Centro: LAS QUILAS
[2026-02-20 12:36:05] [INFO] Archivo validado y agregado: 200183A.xlsm -> Centro: EL CARMEN
[2026-02-20 12:36:05] [INFO] Archivo validado y agregado: 121305A.xlsm -> Centro: VILLA ALEGRE
[2026-02-20 12:36:05] [INFO] Archivo validado y agregado: 121306A.xlsm -> Centro: SANTA ROSA
[2026-02-20 12:36:05] [INFO] Archivo validado y agregado: 121307A.xlsm -> Centro: AMANECER
[2026-02-20 12:36:05] [INFO] Archivo validado y agregado: 121309A.xlsm -> Centro: PUEBLO NUEVO
[2026-02-20 12:36:05] [INFO] Archivo validado y agregado: 121347A.xlsm -> Centro: PEDRO DE VALDIVIA
[2026-02-20 12:36:05] [INFO] Archivo validado y agregado: 121350A.xlsm -> Centro: LABRANZA
[2026-02-20 12:36:05] [INFO] Archivo validado y agregado: 121352A.xlsm -> Centro: M. VALECH
[2026-02-20 12:36:05] [INFO] Archivo validado y agregado: 121780A.xlsm -> Centro: EL SALAR
[2026-02-20 12:36:05] [INFO] Archivo validado y agregado: 121782A.xlsm -> Centro: ARQUENCO
[2026-02-20 12:36:05] [INFO] Archivo validado y agregado: 121788A.xlsm -> Centro: LAS QUILAS
[2026-02-20 12:36:05] [INFO] Archivo validado y agregado: 200183A.xlsm -> Centro: EL CARMEN
[2026-02-20 12:36:05] [INFO] Archivo validado y agregado: 121305A.xlsm -> Centro: VILLA ALEGRE
[2026-02-20 12:36:05] [INFO] Archivo validado y agregado: 121306A.xlsm -> Centro: SANTA ROSA
[2026-02-20 12:36:05] [INFO] Archivo validado y agregado: 121307A.xlsm -> Centro: AMANECER
[2026-02-20 12:36:05] [INFO] Archivo validado y agregado: 121309A.xlsm -> Centro: PUEBLO NUEVO
[2026-02-20 12:36:05] [INFO] Archivo validado y agregado: 121347A.xlsm -> Centro: PEDRO DE VALDIVIA
[2026-02-20 12:36:05] [INFO] Archivo validado y agregado: 121350A.xlsm -> Centro: LABRANZA
[2026-02-20 12:36:05] [INFO] Archivo validado y agregado: 121352A.xlsm -> Centro: M. VALECH
[2026-02-20 12:36:05] [INFO] Archivo validado y agregado: 121780A.xlsm -> Centro: EL SALAR
[2026-02-20 12:36:05] [INFO] Archivo validado y agregado: 121782A.xlsm -> Centro: ARQUENCO
[2026-02-20 12:36:05] [INFO] Archivo validado y agregado: 121788A.xlsm -> Centro: LAS QUILAS
[2026-02-20 12:36:05] [INFO] Archivo validado y agregado: 200183A.xlsm -> Centro: EL CARMEN
[2026-02-20 12:36:05] [INFO] Archivo validado y agregado: 121305A.xlsm -> Centro: VILLA ALEGRE
[2026-02-20 12:36:05] [INFO] Archivo validado y agregado: 121306A.xlsm -> Centro: SANTA ROSA
[2026-02-20 12:36:05] [INFO] Archivo validado y agregado: 121307A.xlsm -> Centro: AMANECER
[2026-02-20 12:36:05] [INFO] Archivo validado y agregado: 121309A.xlsm -> Centro: PUEBLO NUEVO
[2026-02-20 12:36:05] [INFO] Archivo validado y agregado: 121347A.xlsm -> Centro: PEDRO DE VALDIVIA
[2026-02-20 12:36:05] [INFO] Archivo validado y agregado: 121350A.xlsm -> Centro: LABRANZA
[2026-02-20 12:36:05] [INFO] Archivo validado y agregado: 121352A.xlsm -> Centro: M. VALECH
[2026-02-20 12:36:05] [INFO] Archivo validado y agregado: 121780A.xlsm -> Centro: EL SALAR
[2026-02-20 12:36:05] [INFO] Archivo validado y agregado: 121782A.xlsm -> Centro: ARQUENCO
[2026-02-20 12:36:05] [INFO] Archivo validado y agregado: 121788A.xlsm -> Centro: LAS QUILAS
[2026-02-20 12:36:05] [INFO] Archivo validado y agregado: 200183A.xlsm -> Centro: EL CARMEN
[2026-02-20 12:36:05] [INFO] Archivo validado y agregado: 121305A.xlsm -> Centro: VILLA ALEGRE
[2026-02-20 12:36:05] [INFO] Archivo validado y agregado: 121306A.xlsm -> Centro: SANTA ROSA
[2026-02-20 12:36:05] [INFO] Archivo validado y agregado: 121307A.xlsm -> Centro: AMANECER
[2026-02-20 12:36:05] [INFO] Archivo validado y agregado: 121309A.xlsm -> Centro: PUEBLO NUEVO
[2026-02-20 12:36:05] [INFO] Archivo validado y agregado: 121347A.xlsm -> Centro: PEDRO DE VALDIVIA
[2026-02-20 12:36:05] [INFO] Archivo validado y agregado: 121350A.xlsm -> Centro: LABRANZA
[2026-02-20 12:36:05] [INFO] Archivo validado y agregado: 121352A.xlsm -> Centro: M. VALECH
[2026-02-20 12:36:05] [INFO] Archivo validado y agregado: 121780A.xlsm -> Centro: EL SALAR
[2026-02-20 12:36:05] [INFO] Archivo validado y agregado: 121782A.xlsm -> Centro: ARQUENCO
[2026-02-20 12:36:05] [INFO] Archivo validado y agregado: 121788A.xlsm -> Centro: LAS QUILAS
[2026-02-20 12:36:05] [INFO] Archivo validado y agregado: 200183A.xlsm -> Centro: EL CARMEN
[2026-02-20 12:36:05] [INFO] Archivo validado y agregado: 121305A.xlsm -> Centro: VILLA ALEGRE
[2026-02-20 12:36:05] [INFO] Archivo validado y agregado: 121306A.xlsm -> Centro: SANTA ROSA
[2026-02-20 12:36:05] [INFO] Archivo validado y agregado: 121307A.xlsm -> Centro: AMANECER
[2026-02-20 12:36:05] [INFO] Archivo validado y agregado: 121309A.xlsm -> Centro: PUEBLO NUEVO
[2026-02-20 12:36:05] [INFO] Archivo validado y agregado: 121347A.xlsm -> Centro: PEDRO DE VALDIVIA
[2026-02-20 12:36:05] [INFO] Archivo validado y agregado: 121350A.xlsm -> Centro: LABRANZA
[2026-02-20 12:36:05] [INFO] Archivo validado y agregado: 121352A.xlsm -> Centro: M. VALECH
[2026-02-20 12:36:05] [INFO] Archivo validado y agregado: 121780A.xlsm -> Centro: EL SALAR
[2026-02-20 12:36:05] [INFO] Archivo validado y agregado: 121782A.xlsm -> Centro: ARQUENCO
[2026-02-20 12:36:05] [INFO] Archivo validado y agregado: 121788A.xlsm -> Centro: LAS QUILAS
[2026-02-20 12:36:05] [INFO] Archivo validado y agregado: 200183A.xlsm -> Centro: EL CARMEN
[2026-02-20 12:36:05] [INFO] Total de archivos validos encontrados: 132
[2026-02-20 12:36:05] [INFO] Iniciando escaneo de archivos en: c:\METAS_SANITARIAS_2026_PROYECTO\DATOS\ENTRADA\REM_ANO_PASADO\SERIE_A
[2026-02-20 12:36:05] [INFO] Archivo validado y agregado: 121305A.xlsm -> Centro: VILLA ALEGRE
[2026-02-20 12:36:05] [INFO] Archivo validado y agregado: 121306A.xlsm -> Centro: SANTA ROSA
[2026-02-20 12:36:05] [INFO] Archivo validado y agregado: 121307A.xlsm -> Centro: AMANECER
[2026-02-20 12:36:05] [INFO] Archivo validado y agregado: 121309A.xlsm -> Centro: PUEBLO NUEVO
[2026-02-20 12:36:05] [INFO] Archivo validado y agregado: 121347A.xlsm -> Centro: PEDRO DE VALDIVIA
[2026-02-20 12:36:05] [INFO] Archivo validado y agregado: 121350A.xlsm -> Centro: LABRANZA
[2026-02-20 12:36:05] [INFO] Archivo validado y agregado: 121352A.xlsm -> Centro: M. VALECH
[2026-02-20 12:36:05] [INFO] Archivo validado y agregado: 121780A.xlsm -> Centro: EL SALAR
[2026-02-20 12:36:05] [INFO] Archivo validado y agregado: 121782A.xlsm -> Centro: ARQUENCO
[2026-02-20 12:36:05] [INFO] Archivo validado y agregado: 121788A.xlsm -> Centro: LAS QUILAS
[2026-02-20 12:36:05] [INFO] Archivo validado y agregado: 200183A.xlsm -> Centro: EL CARMEN
[2026-02-20 12:36:05] [INFO] Archivo validado y agregado: 121305A.xlsm -> Centro: VILLA ALEGRE
[2026-02-20 12:36:05] [INFO] Archivo validado y agregado: 121306A.xlsm -> Centro: SANTA ROSA
[2026-02-20 12:36:05] [INFO] Archivo validado y agregado: 121307A.xlsm -> Centro: AMANECER
[2026-02-20 12:36:05] [INFO] Archivo validado y agregado: 121309A.xlsm -> Centro: PUEBLO NUEVO
[2026-02-20 12:36:05] [INFO] Archivo validado y agregado: 121347A.xlsm -> Centro: PEDRO DE VALDIVIA
[2026-02-20 12:36:05] [INFO] Archivo validado y agregado: 121350A.xlsm -> Centro: LABRANZA
[2026-02-20 12:36:05] [INFO] Archivo validado y agregado: 121352A.xlsm -> Centro: M. VALECH
[2026-02-20 12:36:05] [INFO] Archivo validado y agregado: 121780A.xlsm -> Centro: EL SALAR
[2026-02-20 12:36:05] [INFO] Archivo validado y agregado: 121782A.xlsm -> Centro: ARQUENCO
[2026-02-20 12:36:05] [INFO] Archivo validado y agregado: 121788A.xlsm -> Centro: LAS QUILAS
[2026-02-20 12:36:05] [INFO] Archivo validado y agregado: 200183A.xlsm -> Centro: EL CARMEN
[2026-02-20 12:36:05] [INFO] Archivo validado y agregado: 121305A.xlsm -> Centro: VILLA ALEGRE
[2026-02-20 12:36:05] [INFO] Archivo validado y agregado: 121306A.xlsm -> Centro: SANTA ROSA
[2026-02-20 12:36:05] [INFO] Archivo validado y agregado: 121307A.xlsm -> Centro: AMANECER
[2026-02-20 12:36:05] [INFO] Archivo validado y agregado: 121309A.xlsm -> Centro: PUEBLO NUEVO
[2026-02-20 12:36:05] [INFO] Archivo validado y agregado: 121347A.xlsm -> Centro: PEDRO DE VALDIVIA
[2026-02-20 12:36:05] [INFO] Archivo validado y agregado: 121350A.xlsm -> Centro: LABRANZA
[2026-02-20 12:36:05] [INFO] Archivo validado y agregado: 121352A.xlsm -> Centro: M. VALECH
[2026-02-20 12:36:05] [INFO] Archivo validado y agregado: 121780A.xlsm -> Centro: EL SALAR
[2026-02-20 12:36:05] [INFO] Archivo validado y agregado: 121782A.xlsm -> Centro: ARQUENCO
[2026-02-20 12:36:05] [INFO] Archivo validado y agregado: 121788A.xlsm -> Centro: LAS QUILAS
[2026-02-20 12:36:05] [INFO] Archivo validado y agregado: 200183A.xlsm -> Centro: EL CARMEN
[2026-02-20 12:36:05] [INFO] Total de archivos validos encontrados: 33
[2026-02-20 12:36:09] [INFO] Iniciando escaneo de archivos en: c:\METAS_SANITARIAS_2026_PROYECTO\DATOS\ENTRADA\REM_ANO_ACTUAL\SERIE_P
[2026-02-20 12:36:09] [INFO] Archivo validado y agregado: 121305P.xlsm -> Centro: VILLA ALEGRE
[2026-02-20 12:36:09] [INFO] Archivo validado y agregado: 121306P.xlsm -> Centro: SANTA ROSA
[2026-02-20 12:36:09] [INFO] Archivo validado y agregado: 121307P.xlsm -> Centro: AMANECER
[2026-02-20 12:36:09] [INFO] Archivo validado y agregado: 121309P.xlsm -> Centro: PUEBLO NUEVO
[2026-02-20 12:36:09] [INFO] Archivo validado y agregado: 121347P.xlsm -> Centro: PEDRO DE VALDIVIA
[2026-02-20 12:36:09] [INFO] Archivo validado y agregado: 121350P.xlsm -> Centro: LABRANZA
[2026-02-20 12:36:09] [INFO] Archivo validado y agregado: 121352P.xlsm -> Centro: M. VALECH
[2026-02-20 12:36:09] [INFO] Archivo validado y agregado: 121780P.xlsm -> Centro: EL SALAR
[2026-02-20 12:36:09] [INFO] Archivo validado y agregado: 121782P.xlsm -> Centro: ARQUENCO
[2026-02-20 12:36:09] [INFO] Archivo validado y agregado: 121788P.xlsm -> Centro: LAS QUILAS
[2026-02-20 12:36:09] [INFO] Archivo validado y agregado: 200183P.xlsm -> Centro: EL CARMEN
[2026-02-20 12:36:09] [INFO] Total de archivos validos encontrados: 11
[2026-02-20 12:36:16] [INFO] Iniciando escaneo de archivos en: c:\METAS_SANITARIAS_2026_PROYECTO\DATOS\ENTRADA\REM_ANO_ACTUAL\SERIE_A
[2026-02-20 12:36:16] [INFO] Archivo validado y agregado: 121305A.xlsm -> Centro: VILLA ALEGRE
[2026-02-20 12:36:16] [INFO] Archivo validado y agregado: 121306A.xlsm -> Centro: SANTA ROSA
[2026-02-20 12:36:16] [INFO] Archivo validado y agregado: 121307A.xlsm -> Centro: AMANECER
[2026-02-20 12:36:16] [INFO] Archivo validado y agregado: 121309A.xlsm -> Centro: PUEBLO NUEVO
[2026-02-20 12:36:16] [INFO] Archivo validado y agregado: 121347A.xlsm -> Centro: PEDRO DE VALDIVIA
[2026-02-20 12:36:16] [INFO] Archivo validado y agregado: 121350A.xlsm -> Centro: LABRANZA
[2026-02-20 12:36:16] [INFO] Archivo validado y agregado: 121352A.xlsm -> Centro: M. VALECH
[2026-02-20 12:36:16] [INFO] Archivo validado y agregado: 121780A.xlsm -> Centro: EL SALAR
[2026-02-20 12:36:16] [INFO] Archivo validado y agregado: 121782A.xlsm -> Centro: ARQUENCO
[2026-02-20 12:36:16] [INFO] Archivo validado y agregado: 121788A.xlsm -> Centro: LAS QUILAS
[2026-02-20 12:36:16] [WARNING] Archivo ignorado (Centro NO autorizado/desconocido): 121789A.xlsm (Codigo detectado: 121789)
[2026-02-20 12:36:16] [INFO] Archivo validado y agregado: 200183A.xlsm -> Centro: EL CARMEN
[2026-02-20 12:36:16] [INFO] Archivo validado y agregado: 121305A.xlsm -> Centro: VILLA ALEGRE
[2026-02-20 12:36:16] [INFO] Archivo validado y agregado: 121306A.xlsm -> Centro: SANTA ROSA
[2026-02-20 12:36:16] [INFO] Archivo validado y agregado: 121307A.xlsm -> Centro: AMANECER
[2026-02-20 12:36:16] [INFO] Archivo validado y agregado: 121309A.xlsm -> Centro: PUEBLO NUEVO
[2026-02-20 12:36:16] [INFO] Archivo validado y agregado: 121347A.xlsm -> Centro: PEDRO DE VALDIVIA
[2026-02-20 12:36:16] [INFO] Archivo validado y agregado: 121350A.xlsm -> Centro: LABRANZA
[2026-02-20 12:36:16] [INFO] Archivo validado y agregado: 121352A.xlsm -> Centro: M. VALECH
[2026-02-20 12:36:16] [INFO] Archivo validado y agregado: 121780A.xlsm -> Centro: EL SALAR
[2026-02-20 12:36:16] [INFO] Archivo validado y agregado: 121782A.xlsm -> Centro: ARQUENCO
[2026-02-20 12:36:16] [INFO] Archivo validado y agregado: 121788A.xlsm -> Centro: LAS QUILAS
[2026-02-20 12:36:16] [INFO] Archivo validado y agregado: 200183A.xlsm -> Centro: EL CARMEN
[2026-02-20 12:36:16] [INFO] Archivo validado y agregado: 121305A.xlsm -> Centro: VILLA ALEGRE
[2026-02-20 12:36:16] [INFO] Archivo validado y agregado: 121306A.xlsm -> Centro: SANTA ROSA
[2026-02-20 12:36:16] [INFO] Archivo validado y agregado: 121307A.xlsm -> Centro: AMANECER
[2026-02-20 12:36:16] [INFO] Archivo validado y agregado: 121309A.xlsm -> Centro: PUEBLO NUEVO
[2026-02-20 12:36:16] [INFO] Archivo validado y agregado: 121347A.xlsm -> Centro: PEDRO DE VALDIVIA
[2026-02-20 12:36:16] [INFO] Archivo validado y agregado: 121350A.xlsm -> Centro: LABRANZA
[2026-02-20 12:36:16] [INFO] Archivo validado y agregado: 121352A.xlsm -> Centro: M. VALECH
[2026-02-20 12:36:16] [INFO] Archivo validado y agregado: 121780A.xlsm -> Centro: EL SALAR
[2026-02-20 12:36:16] [INFO] Archivo validado y agregado: 121782A.xlsm -> Centro: ARQUENCO
[2026-02-20 12:36:16] [INFO] Archivo validado y agregado: 121788A.xlsm -> Centro: LAS QUILAS
[2026-02-20 12:36:16] [INFO] Archivo validado y agregado: 200183A.xlsm -> Centro: EL CARMEN
[2026-02-20 12:36:16] [INFO] Archivo validado y agregado: 121305A.xlsm -> Centro: VILLA ALEGRE
[2026-02-20 12:36:16] [INFO] Archivo validado y agregado: 121306A.xlsm -> Centro: SANTA ROSA
[2026-02-20 12:36:16] [INFO] Archivo validado y agregado: 121307A.xlsm -> Centro: AMANECER
[2026-02-20 12:36:16] [INFO] Archivo validado y agregado: 121309A.xlsm -> Centro: PUEBLO NUEVO
[2026-02-20 12:36:16] [INFO] Archivo validado y agregado: 121347A.xlsm -> Centro: PEDRO DE VALDIVIA
[2026-02-20 12:36:16] [INFO] Archivo validado y agregado: 121350A.xlsm -> Centro: LABRANZA
[2026-02-20 12:36:16] [INFO] Archivo validado y agregado: 121352A.xlsm -> Centro: M. VALECH
[2026-02-20 12:36:16] [INFO] Archivo validado y agregado: 121780A.xlsm -> Centro: EL SALAR
[2026-02-20 12:36:16] [INFO] Archivo validado y agregado: 121782A.xlsm -> Centro: ARQUENCO
[2026-02-20 12:36:16] [INFO] Archivo validado y agregado: 121788A.xlsm -> Centro: LAS QUILAS
[2026-02-20 12:36:16] [INFO] Archivo validado y agregado: 200183A.xlsm -> Centro: EL CARMEN
[2026-02-20 12:36:16] [INFO] Archivo validado y agregado: 121305A.xlsm -> Centro: VILLA ALEGRE
[2026-02-20 12:36:16] [INFO] Archivo validado y agregado: 121306A.xlsm -> Centro: SANTA ROSA
[2026-02-20 12:36:16] [INFO] Archivo validado y agregado: 121307A.xlsm -> Centro: AMANECER
[2026-02-20 12:36:16] [INFO] Archivo validado y agregado: 121309A.xlsm -> Centro: PUEBLO NUEVO
[2026-02-20 12:36:16] [INFO] Archivo validado y agregado: 121347A.xlsm -> Centro: PEDRO DE VALDIVIA
[2026-02-20 12:36:16] [INFO] Archivo validado y agregado: 121350A.xlsm -> Centro: LABRANZA
[2026-02-20 12:36:16] [INFO] Archivo validado y agregado: 121352A.xlsm -> Centro: M. VALECH
[2026-02-20 12:36:16] [INFO] Archivo validado y agregado: 121780A.xlsm -> Centro: EL SALAR
[2026-02-20 12:36:16] [INFO] Archivo validado y agregado: 121782A.xlsm -> Centro: ARQUENCO
[2026-02-20 12:36:16] [INFO] Archivo validado y agregado: 121788A.xlsm -> Centro: LAS QUILAS
[2026-02-20 12:36:16] [INFO] Archivo validado y agregado: 200183A.xlsm -> Centro: EL CARMEN
[2026-02-20 12:36:16] [INFO] Archivo validado y agregado: 121305A.xlsm -> Centro: VILLA ALEGRE
[2026-02-20 12:36:16] [INFO] Archivo validado y agregado: 121306A.xlsm -> Centro: SANTA ROSA
[2026-02-20 12:36:16] [INFO] Archivo validado y agregado: 121307A.xlsm -> Centro: AMANECER
[2026-02-20 12:36:16] [INFO] Archivo validado y agregado: 121309A.xlsm -> Centro: PUEBLO NUEVO
[2026-02-20 12:36:16] [INFO] Archivo validado y agregado: 121347A.xlsm -> Centro: PEDRO DE VALDIVIA
[2026-02-20 12:36:16] [INFO] Archivo validado y agregado: 121350A.xlsm -> Centro: LABRANZA
[2026-02-20 12:36:16] [INFO] Archivo validado y agregado: 121352A.xlsm -> Centro: M. VALECH
[2026-02-20 12:36:16] [INFO] Archivo validado y agregado: 121780A.xlsm -> Centro: EL SALAR
[2026-02-20 12:36:16] [INFO] Archivo validado y agregado: 121782A.xlsm -> Centro: ARQUENCO
[2026-02-20 12:36:16] [INFO] Archivo validado y agregado: 121788A.xlsm -> Centro: LAS QUILAS
[2026-02-20 12:36:16] [INFO] Archivo validado y agregado: 200183A.xlsm -> Centro: EL CARMEN
[2026-02-20 12:36:16] [INFO] Archivo validado y agregado: 121305A.xlsm -> Centro: VILLA ALEGRE
[2026-02-20 12:36:16] [INFO] Archivo validado y agregado: 121306A.xlsm -> Centro: SANTA ROSA
[2026-02-20 12:36:16] [INFO] Archivo validado y agregado: 121307A.xlsm -> Centro: AMANECER
[2026-02-20 12:36:16] [INFO] Archivo validado y agregado: 121309A.xlsm -> Centro: PUEBLO NUEVO
[2026-02-20 12:36:16] [INFO] Archivo validado y agregado: 121347A.xlsm -> Centro: PEDRO DE VALDIVIA
[2026-02-20 12:36:16] [INFO] Archivo validado y agregado: 121350A.xlsm -> Centro: LABRANZA
[2026-02-20 12:36:16] [INFO] Archivo validado y agregado: 121352A.xlsm -> Centro: M. VALECH
[2026-02-20 12:36:16] [INFO] Archivo validado y agregado: 121780A.xlsm -> Centro: EL SALAR
[2026-02-20 12:36:16] [INFO] Archivo validado y agregado: 121782A.xlsm -> Centro: ARQUENCO
[2026-02-20 12:36:16] [INFO] Archivo validado y agregado: 121788A.xlsm -> Centro: LAS QUILAS
[2026-02-20 12:36:16] [INFO] Archivo validado y agregado: 200183A.xlsm -> Centro: EL CARMEN
[2026-02-20 12:36:16] [INFO] Archivo validado y agregado: 121305A.xlsm -> Centro: VILLA ALEGRE
[2026-02-20 12:36:16] [INFO] Archivo validado y agregado: 121306A.xlsm -> Centro: SANTA ROSA
[2026-02-20 12:36:16] [INFO] Archivo validado y agregado: 121307A.xlsm -> Centro: AMANECER
[2026-02-20 12:36:16] [INFO] Archivo validado y agregado: 121309A.xlsm -> Centro: PUEBLO NUEVO
[2026-02-20 12:36:16] [INFO] Archivo validado y agregado: 121347A.xlsm -> Centro: PEDRO DE VALDIVIA
[2026-02-20 12:36:16] [INFO] Archivo validado y agregado: 121350A.xlsm -> Centro: LABRANZA
[2026-02-20 12:36:16] [INFO] Archivo validado y agregado: 121352A.xlsm -> Centro: M. VALECH
[2026-02-20 12:36:16] [INFO] Archivo validado y agregado: 121780A.xlsm -> Centro: EL SALAR
[2026-02-20 12:36:16] [INFO] Archivo validado y agregado: 121782A.xlsm -> Centro: ARQUENCO
[2026-02-20 12:36:16] [INFO] Archivo validado y agregado: 121788A.xlsm -> Centro: LAS QUILAS
[2026-02-20 12:36:16] [INFO] Archivo validado y agregado: 200183A.xlsm -> Centro: EL CARMEN
[2026-02-20 12:36:16] [INFO] Archivo validado y agregado: 121305A.xlsm -> Centro: VILLA ALEGRE
[2026-02-20 12:36:16] [INFO] Archivo validado y agregado: 121306A.xlsm -> Centro: SANTA ROSA
[2026-02-20 12:36:16] [INFO] Archivo validado y agregado: 121307A.xlsm -> Centro: AMANECER
[2026-02-20 12:36:16] [INFO] Archivo validado y agregado: 121309A.xlsm -> Centro: PUEBLO NUEVO
[2026-02-20 12:36:16] [INFO] Archivo validado y agregado: 121347A.xlsm -> Centro: PEDRO DE VALDIVIA
[2026-02-20 12:36:16] [INFO] Archivo validado y agregado: 121350A.xlsm -> Centro: LABRANZA
[2026-02-20 12:36:16] [INFO] Archivo validado y agregado: 121352A.xlsm -> Centro: M. VALECH
[2026-02-20 12:36:16] [INFO] Archivo validado y agregado: 121780A.xlsm -> Centro: EL SALAR
[2026-02-20 12:36:16] [INFO] Archivo validado y agregado: 121782A.xlsm -> Centro: ARQUENCO
[2026-02-20 12:36:16] [INFO] Archivo validado y agregado: 121788A.xlsm -> Centro: LAS QUILAS
[2026-02-20 12:36:16] [INFO] Archivo validado y agregado: 200183A.xlsm -> Centro: EL CARMEN
[2026-02-20 12:36:16] [INFO] Archivo validado y agregado: 121305A.xlsm -> Centro: VILLA ALEGRE
[2026-02-20 12:36:16] [INFO] Archivo validado y agregado: 121306A.xlsm -> Centro: SANTA ROSA
[2026-02-20 12:36:16] [INFO] Archivo validado y agregado: 121307A.xlsm -> Centro: AMANECER
[2026-02-20 12:36:16] [INFO] Archivo validado y agregado: 121309A.xlsm -> Centro: PUEBLO NUEVO
[2026-02-20 12:36:16] [INFO] Archivo validado y agregado: 121347A.xlsm -> Centro: PEDRO DE VALDIVIA
[2026-02-20 12:36:16] [INFO] Archivo validado y agregado: 121350A.xlsm -> Centro: LABRANZA
[2026-02-20 12:36:16] [INFO] Archivo validado y agregado: 121352A.xlsm -> Centro: M. VALECH
[2026-02-20 12:36:16] [INFO] Archivo validado y agregado: 121780A.xlsm -> Centro: EL SALAR
[2026-02-20 12:36:16] [INFO] Archivo validado y agregado: 121782A.xlsm -> Centro: ARQUENCO
[2026-02-20 12:36:16] [INFO] Archivo validado y agregado: 121788A.xlsm -> Centro: LAS QUILAS
[2026-02-20 12:36:16] [INFO] Archivo validado y agregado: 200183A.xlsm -> Centro: EL CARMEN
[2026-02-20 12:36:16] [INFO] Archivo validado y agregado: 121305A.xlsm -> Centro: VILLA ALEGRE
[2026-02-20 12:36:16] [INFO] Archivo validado y agregado: 121306A.xlsm -> Centro: SANTA ROSA
[2026-02-20 12:36:16] [INFO] Archivo validado y agregado: 121307A.xlsm -> Centro: AMANECER
[2026-02-20 12:36:16] [INFO] Archivo validado y agregado: 121309A.xlsm -> Centro: PUEBLO NUEVO
[2026-02-20 12:36:16] [INFO] Archivo validado y agregado: 121347A.xlsm -> Centro: PEDRO DE VALDIVIA
[2026-02-20 12:36:16] [INFO] Archivo validado y agregado: 121350A.xlsm -> Centro: LABRANZA
[2026-02-20 12:36:16] [INFO] Archivo validado y agregado: 121352A.xlsm -> Centro: M. VALECH
[2026-02-20 12:36:16] [INFO] Archivo validado y agregado: 121780A.xlsm -> Centro: EL SALAR
[2026-02-20 12:36:16] [INFO] Archivo validado y agregado: 121782A.xlsm -> Centro: ARQUENCO
[2026-02-20 12:36:16] [INFO] Archivo validado y agregado: 121788A.xlsm -> Centro: LAS QUILAS
[2026-02-20 12:36:16] [INFO] Archivo validado y agregado: 200183A.xlsm -> Centro: EL CARMEN
[2026-02-20 12:36:16] [INFO] Archivo validado y agregado: 121305A.xlsm -> Centro: VILLA ALEGRE
[2026-02-20 12:36:16] [INFO] Archivo validado y agregado: 121306A.xlsm -> Centro: SANTA ROSA
[2026-02-20 12:36:16] [INFO] Archivo validado y agregado: 121307A.xlsm -> Centro: AMANECER
[2026-02-20 12:36:16] [INFO] Archivo validado y agregado: 121309A.xlsm -> Centro: PUEBLO NUEVO
[2026-02-20 12:36:16] [INFO] Archivo validado y agregado: 121347A.xlsm -> Centro: PEDRO DE VALDIVIA
[2026-02-20 12:36:16] [INFO] Archivo validado y agregado: 121350A.xlsm -> Centro: LABRANZA
[2026-02-20 12:36:16] [INFO] Archivo validado y agregado: 121352A.xlsm -> Centro: M. VALECH
[2026-02-20 12:36:16] [INFO] Archivo validado y agregado: 121780A.xlsm -> Centro: EL SALAR
[2026-02-20 12:36:16] [INFO] Archivo validado y agregado: 121782A.xlsm -> Centro: ARQUENCO
[2026-02-20 12:36:16] [INFO] Archivo validado y agregado: 121788A.xlsm -> Centro: LAS QUILAS
[2026-02-20 12:36:16] [INFO] Archivo validado y agregado: 200183A.xlsm -> Centro: EL CARMEN
[2026-02-20 12:36:16] [INFO] Total de archivos validos encontrados: 132
[2026-02-20 12:36:20] [INFO] Iniciando escaneo de archivos en: c:\METAS_SANITARIAS_2026_PROYECTO\DATOS\ENTRADA\REM_ANO_ACTUAL\SERIE_P
[2026-02-20 12:36:20] [INFO] Archivo validado y agregado: 121305P.xlsm -> Centro: VILLA ALEGRE
[2026-02-20 12:36:20] [INFO] Archivo validado y agregado: 121306P.xlsm -> Centro: SANTA ROSA
[2026-02-20 12:36:20] [INFO] Archivo validado y agregado: 121307P.xlsm -> Centro: AMANECER
[2026-02-20 12:36:20] [INFO] Archivo validado y agregado: 121309P.xlsm -> Centro: PUEBLO NUEVO
[2026-02-20 12:36:20] [INFO] Archivo validado y agregado: 121347P.xlsm -> Centro: PEDRO DE VALDIVIA
[2026-02-20 12:36:20] [INFO] Archivo validado y agregado: 121350P.xlsm -> Centro: LABRANZA
[2026-02-20 12:36:20] [INFO] Archivo validado y agregado: 121352P.xlsm -> Centro: M. VALECH
[2026-02-20 12:36:20] [INFO] Archivo validado y agregado: 121780P.xlsm -> Centro: EL SALAR
[2026-02-20 12:36:20] [INFO] Archivo validado y agregado: 121782P.xlsm -> Centro: ARQUENCO
[2026-02-20 12:36:20] [INFO] Archivo validado y agregado: 121788P.xlsm -> Centro: LAS QUILAS
[2026-02-20 12:36:20] [INFO] Archivo validado y agregado: 200183P.xlsm -> Centro: EL CARMEN
[2026-02-20 12:36:20] [INFO] Total de archivos validos encontrados: 11
[2026-02-20 12:36:27] [INFO] Iniciando escaneo de archivos en: c:\METAS_SANITARIAS_2026_PROYECTO\DATOS\ENTRADA\REM_ANO_ACTUAL\SERIE_P
[2026-02-20 12:36:27] [INFO] Archivo validado y agregado: 121305P.xlsm -> Centro: VILLA ALEGRE
[2026-02-20 12:36:27] [INFO] Archivo validado y agregado: 121306P.xlsm -> Centro: SANTA ROSA
[2026-02-20 12:36:27] [INFO] Archivo validado y agregado: 121307P.xlsm -> Centro: AMANECER
[2026-02-20 12:36:27] [INFO] Archivo validado y agregado: 121309P.xlsm -> Centro: PUEBLO NUEVO
[2026-02-20 12:36:27] [INFO] Archivo validado y agregado: 121347P.xlsm -> Centro: PEDRO DE VALDIVIA
[2026-02-20 12:36:27] [INFO] Archivo validado y agregado: 121350P.xlsm -> Centro: LABRANZA
[2026-02-20 12:36:27] [INFO] Archivo validado y agregado: 121352P.xlsm -> Centro: M. VALECH
[2026-02-20 12:36:27] [INFO] Archivo validado y agregado: 121780P.xlsm -> Centro: EL SALAR
[2026-02-20 12:36:27] [INFO] Archivo validado y agregado: 121782P.xlsm -> Centro: ARQUENCO
[2026-02-20 12:36:27] [INFO] Archivo validado y agregado: 121788P.xlsm -> Centro: LAS QUILAS
[2026-02-20 12:36:27] [INFO] Archivo validado y agregado: 200183P.xlsm -> Centro: EL CARMEN
[2026-02-20 12:36:27] [INFO] Total de archivos validos encontrados: 11
[2026-02-20 12:36:31] [INFO] Iniciando escaneo de archivos en: c:\METAS_SANITARIAS_2026_PROYECTO\DATOS\ENTRADA\REM_ANO_ACTUAL\SERIE_A
[2026-02-20 12:36:31] [INFO] Archivo validado y agregado: 121305A.xlsm -> Centro: VILLA ALEGRE
[2026-02-20 12:36:31] [INFO] Archivo validado y agregado: 121306A.xlsm -> Centro: SANTA ROSA
[2026-02-20 12:36:31] [INFO] Archivo validado y agregado: 121307A.xlsm -> Centro: AMANECER
[2026-02-20 12:36:31] [INFO] Archivo validado y agregado: 121309A.xlsm -> Centro: PUEBLO NUEVO
[2026-02-20 12:36:31] [INFO] Archivo validado y agregado: 121347A.xlsm -> Centro: PEDRO DE VALDIVIA
[2026-02-20 12:36:31] [INFO] Archivo validado y agregado: 121350A.xlsm -> Centro: LABRANZA
[2026-02-20 12:36:31] [INFO] Archivo validado y agregado: 121352A.xlsm -> Centro: M. VALECH
[2026-02-20 12:36:31] [INFO] Archivo validado y agregado: 121780A.xlsm -> Centro: EL SALAR
[2026-02-20 12:36:31] [INFO] Archivo validado y agregado: 121782A.xlsm -> Centro: ARQUENCO
[2026-02-20 12:36:31] [INFO] Archivo validado y agregado: 121788A.xlsm -> Centro: LAS QUILAS
[2026-02-20 12:36:31] [WARNING] Archivo ignorado (Centro NO autorizado/desconocido): 121789A.xlsm (Codigo detectado: 121789)
[2026-02-20 12:36:31] [INFO] Archivo validado y agregado: 200183A.xlsm -> Centro: EL CARMEN
[2026-02-20 12:36:31] [INFO] Archivo validado y agregado: 121305A.xlsm -> Centro: VILLA ALEGRE
[2026-02-20 12:36:31] [INFO] Archivo validado y agregado: 121306A.xlsm -> Centro: SANTA ROSA
[2026-02-20 12:36:31] [INFO] Archivo validado y agregado: 121307A.xlsm -> Centro: AMANECER
[2026-02-20 12:36:31] [INFO] Archivo validado y agregado: 121309A.xlsm -> Centro: PUEBLO NUEVO
[2026-02-20 12:36:31] [INFO] Archivo validado y agregado: 121347A.xlsm -> Centro: PEDRO DE VALDIVIA
[2026-02-20 12:36:31] [INFO] Archivo validado y agregado: 121350A.xlsm -> Centro: LABRANZA
[2026-02-20 12:36:31] [INFO] Archivo validado y agregado: 121352A.xlsm -> Centro: M. VALECH
[2026-02-20 12:36:31] [INFO] Archivo validado y agregado: 121780A.xlsm -> Centro: EL SALAR
[2026-02-20 12:36:31] [INFO] Archivo validado y agregado: 121782A.xlsm -> Centro: ARQUENCO
[2026-02-20 12:36:31] [INFO] Archivo validado y agregado: 121788A.xlsm -> Centro: LAS QUILAS
[2026-02-20 12:36:31] [INFO] Archivo validado y agregado: 200183A.xlsm -> Centro: EL CARMEN
[2026-02-20 12:36:31] [INFO] Archivo validado y agregado: 121305A.xlsm -> Centro: VILLA ALEGRE
[2026-02-20 12:36:31] [INFO] Archivo validado y agregado: 121306A.xlsm -> Centro: SANTA ROSA
[2026-02-20 12:36:31] [INFO] Archivo validado y agregado: 121307A.xlsm -> Centro: AMANECER
[2026-02-20 12:36:31] [INFO] Archivo validado y agregado: 121309A.xlsm -> Centro: PUEBLO NUEVO
[2026-02-20 12:36:31] [INFO] Archivo validado y agregado: 121347A.xlsm -> Centro: PEDRO DE VALDIVIA
[2026-02-20 12:36:31] [INFO] Archivo validado y agregado: 121350A.xlsm -> Centro: LABRANZA
[2026-02-20 12:36:31] [INFO] Archivo validado y agregado: 121352A.xlsm -> Centro: M. VALECH
[2026-02-20 12:36:31] [INFO] Archivo validado y agregado: 121780A.xlsm -> Centro: EL SALAR
[2026-02-20 12:36:31] [INFO] Archivo validado y agregado: 121782A.xlsm -> Centro: ARQUENCO
[2026-02-20 12:36:31] [INFO] Archivo validado y agregado: 121788A.xlsm -> Centro: LAS QUILAS
[2026-02-20 12:36:31] [INFO] Archivo validado y agregado: 200183A.xlsm -> Centro: EL CARMEN
[2026-02-20 12:36:31] [INFO] Archivo validado y agregado: 121305A.xlsm -> Centro: VILLA ALEGRE
[2026-02-20 12:36:31] [INFO] Archivo validado y agregado: 121306A.xlsm -> Centro: SANTA ROSA
[2026-02-20 12:36:31] [INFO] Archivo validado y agregado: 121307A.xlsm -> Centro: AMANECER
[2026-02-20 12:36:31] [INFO] Archivo validado y agregado: 121309A.xlsm -> Centro: PUEBLO NUEVO
[2026-02-20 12:36:31] [INFO] Archivo validado y agregado: 121347A.xlsm -> Centro: PEDRO DE VALDIVIA
[2026-02-20 12:36:31] [INFO] Archivo validado y agregado: 121350A.xlsm -> Centro: LABRANZA
[2026-02-20 12:36:31] [INFO] Archivo validado y agregado: 121352A.xlsm -> Centro: M. VALECH
[2026-02-20 12:36:31] [INFO] Archivo validado y agregado: 121780A.xlsm -> Centro: EL SALAR
[2026-02-20 12:36:31] [INFO] Archivo validado y agregado: 121782A.xlsm -> Centro: ARQUENCO
[2026-02-20 12:36:31] [INFO] Archivo validado y agregado: 121788A.xlsm -> Centro: LAS QUILAS
[2026-02-20 12:36:31] [INFO] Archivo validado y agregado: 200183A.xlsm -> Centro: EL CARMEN
[2026-02-20 12:36:31] [INFO] Archivo validado y agregado: 121305A.xlsm -> Centro: VILLA ALEGRE
[2026-02-20 12:36:31] [INFO] Archivo validado y agregado: 121306A.xlsm -> Centro: SANTA ROSA
[2026-02-20 12:36:31] [INFO] Archivo validado y agregado: 121307A.xlsm -> Centro: AMANECER
[2026-02-20 12:36:31] [INFO] Archivo validado y agregado: 121309A.xlsm -> Centro: PUEBLO NUEVO
[2026-02-20 12:36:31] [INFO] Archivo validado y agregado: 121347A.xlsm -> Centro: PEDRO DE VALDIVIA
[2026-02-20 12:36:31] [INFO] Archivo validado y agregado: 121350A.xlsm -> Centro: LABRANZA
[2026-02-20 12:36:31] [INFO] Archivo validado y agregado: 121352A.xlsm -> Centro: M. VALECH
[2026-02-20 12:36:31] [INFO] Archivo validado y agregado: 121780A.xlsm -> Centro: EL SALAR
[2026-02-20 12:36:31] [INFO] Archivo validado y agregado: 121782A.xlsm -> Centro: ARQUENCO
[2026-02-20 12:36:31] [INFO] Archivo validado y agregado: 121788A.xlsm -> Centro: LAS QUILAS
[2026-02-20 12:36:31] [INFO] Archivo validado y agregado: 200183A.xlsm -> Centro: EL CARMEN
[2026-02-20 12:36:31] [INFO] Archivo validado y agregado: 121305A.xlsm -> Centro: VILLA ALEGRE
[2026-02-20 12:36:31] [INFO] Archivo validado y agregado: 121306A.xlsm -> Centro: SANTA ROSA
[2026-02-20 12:36:31] [INFO] Archivo validado y agregado: 121307A.xlsm -> Centro: AMANECER
[2026-02-20 12:36:31] [INFO] Archivo validado y agregado: 121309A.xlsm -> Centro: PUEBLO NUEVO
[2026-02-20 12:36:31] [INFO] Archivo validado y agregado: 121347A.xlsm -> Centro: PEDRO DE VALDIVIA
[2026-02-20 12:36:31] [INFO] Archivo validado y agregado: 121350A.xlsm -> Centro: LABRANZA
[2026-02-20 12:36:31] [INFO] Archivo validado y agregado: 121352A.xlsm -> Centro: M. VALECH
[2026-02-20 12:36:31] [INFO] Archivo validado y agregado: 121780A.xlsm -> Centro: EL SALAR
[2026-02-20 12:36:31] [INFO] Archivo validado y agregado: 121782A.xlsm -> Centro: ARQUENCO
[2026-02-20 12:36:31] [INFO] Archivo validado y agregado: 121788A.xlsm -> Centro: LAS QUILAS
[2026-02-20 12:36:31] [INFO] Archivo validado y agregado: 200183A.xlsm -> Centro: EL CARMEN
[2026-02-20 12:36:31] [INFO] Archivo validado y agregado: 121305A.xlsm -> Centro: VILLA ALEGRE
[2026-02-20 12:36:31] [INFO] Archivo validado y agregado: 121306A.xlsm -> Centro: SANTA ROSA
[2026-02-20 12:36:31] [INFO] Archivo validado y agregado: 121307A.xlsm -> Centro: AMANECER
[2026-02-20 12:36:31] [INFO] Archivo validado y agregado: 121309A.xlsm -> Centro: PUEBLO NUEVO
[2026-02-20 12:36:31] [INFO] Archivo validado y agregado: 121347A.xlsm -> Centro: PEDRO DE VALDIVIA
[2026-02-20 12:36:31] [INFO] Archivo validado y agregado: 121350A.xlsm -> Centro: LABRANZA
[2026-02-20 12:36:31] [INFO] Archivo validado y agregado: 121352A.xlsm -> Centro: M. VALECH
[2026-02-20 12:36:31] [INFO] Archivo validado y agregado: 121780A.xlsm -> Centro: EL SALAR
[2026-02-20 12:36:31] [INFO] Archivo validado y agregado: 121782A.xlsm -> Centro: ARQUENCO
[2026-02-20 12:36:31] [INFO] Archivo validado y agregado: 121788A.xlsm -> Centro: LAS QUILAS
[2026-02-20 12:36:31] [INFO] Archivo validado y agregado: 200183A.xlsm -> Centro: EL CARMEN
[2026-02-20 12:36:31] [INFO] Archivo validado y agregado: 121305A.xlsm -> Centro: VILLA ALEGRE
[2026-02-20 12:36:31] [INFO] Archivo validado y agregado: 121306A.xlsm -> Centro: SANTA ROSA
[2026-02-20 12:36:31] [INFO] Archivo validado y agregado: 121307A.xlsm -> Centro: AMANECER
[2026-02-20 12:36:31] [INFO] Archivo validado y agregado: 121309A.xlsm -> Centro: PUEBLO NUEVO
[2026-02-20 12:36:31] [INFO] Archivo validado y agregado: 121347A.xlsm -> Centro: PEDRO DE VALDIVIA
[2026-02-20 12:36:31] [INFO] Archivo validado y agregado: 121350A.xlsm -> Centro: LABRANZA
[2026-02-20 12:36:31] [INFO] Archivo validado y agregado: 121352A.xlsm -> Centro: M. VALECH
[2026-02-20 12:36:31] [INFO] Archivo validado y agregado: 121780A.xlsm -> Centro: EL SALAR
[2026-02-20 12:36:31] [INFO] Archivo validado y agregado: 121782A.xlsm -> Centro: ARQUENCO
[2026-02-20 12:36:31] [INFO] Archivo validado y agregado: 121788A.xlsm -> Centro: LAS QUILAS
[2026-02-20 12:36:31] [INFO] Archivo validado y agregado: 200183A.xlsm -> Centro: EL CARMEN
[2026-02-20 12:36:31] [INFO] Archivo validado y agregado: 121305A.xlsm -> Centro: VILLA ALEGRE
[2026-02-20 12:36:31] [INFO] Archivo validado y agregado: 121306A.xlsm -> Centro: SANTA ROSA
[2026-02-20 12:36:31] [INFO] Archivo validado y agregado: 121307A.xlsm -> Centro: AMANECER
[2026-02-20 12:36:31] [INFO] Archivo validado y agregado: 121309A.xlsm -> Centro: PUEBLO NUEVO
[2026-02-20 12:36:31] [INFO] Archivo validado y agregado: 121347A.xlsm -> Centro: PEDRO DE VALDIVIA
[2026-02-20 12:36:31] [INFO] Archivo validado y agregado: 121350A.xlsm -> Centro: LABRANZA
[2026-02-20 12:36:31] [INFO] Archivo validado y agregado: 121352A.xlsm -> Centro: M. VALECH
[2026-02-20 12:36:31] [INFO] Archivo validado y agregado: 121780A.xlsm -> Centro: EL SALAR
[2026-02-20 12:36:31] [INFO] Archivo validado y agregado: 121782A.xlsm -> Centro: ARQUENCO
[2026-02-20 12:36:31] [INFO] Archivo validado y agregado: 121788A.xlsm -> Centro: LAS QUILAS
[2026-02-20 12:36:31] [INFO] Archivo validado y agregado: 200183A.xlsm -> Centro: EL CARMEN
[2026-02-20 12:36:31] [INFO] Archivo validado y agregado: 121305A.xlsm -> Centro: VILLA ALEGRE
[2026-02-20 12:36:31] [INFO] Archivo validado y agregado: 121306A.xlsm -> Centro: SANTA ROSA
[2026-02-20 12:36:31] [INFO] Archivo validado y agregado: 121307A.xlsm -> Centro: AMANECER
[2026-02-20 12:36:31] [INFO] Archivo validado y agregado: 121309A.xlsm -> Centro: PUEBLO NUEVO
[2026-02-20 12:36:31] [INFO] Archivo validado y agregado: 121347A.xlsm -> Centro: PEDRO DE VALDIVIA
[2026-02-20 12:36:31] [INFO] Archivo validado y agregado: 121350A.xlsm -> Centro: LABRANZA
[2026-02-20 12:36:31] [INFO] Archivo validado y agregado: 121352A.xlsm -> Centro: M. VALECH
[2026-02-20 12:36:31] [INFO] Archivo validado y agregado: 121780A.xlsm -> Centro: EL SALAR
[2026-02-20 12:36:31] [INFO] Archivo validado y agregado: 121782A.xlsm -> Centro: ARQUENCO
[2026-02-20 12:36:31] [INFO] Archivo validado y agregado: 121788A.xlsm -> Centro: LAS QUILAS
[2026-02-20 12:36:31] [INFO] Archivo validado y agregado: 200183A.xlsm -> Centro: EL CARMEN
[2026-02-20 12:36:31] [INFO] Archivo validado y agregado: 121305A.xlsm -> Centro: VILLA ALEGRE
[2026-02-20 12:36:31] [INFO] Archivo validado y agregado: 121306A.xlsm -> Centro: SANTA ROSA
[2026-02-20 12:36:31] [INFO] Archivo validado y agregado: 121307A.xlsm -> Centro: AMANECER
[2026-02-20 12:36:31] [INFO] Archivo validado y agregado: 121309A.xlsm -> Centro: PUEBLO NUEVO
[2026-02-20 12:36:31] [INFO] Archivo validado y agregado: 121347A.xlsm -> Centro: PEDRO DE VALDIVIA
[2026-02-20 12:36:31] [INFO] Archivo validado y agregado: 121350A.xlsm -> Centro: LABRANZA
[2026-02-20 12:36:31] [INFO] Archivo validado y agregado: 121352A.xlsm -> Centro: M. VALECH
[2026-02-20 12:36:31] [INFO] Archivo validado y agregado: 121780A.xlsm -> Centro: EL SALAR
[2026-02-20 12:36:31] [INFO] Archivo validado y agregado: 121782A.xlsm -> Centro: ARQUENCO
[2026-02-20 12:36:31] [INFO] Archivo validado y agregado: 121788A.xlsm -> Centro: LAS QUILAS
[2026-02-20 12:36:31] [INFO] Archivo validado y agregado: 200183A.xlsm -> Centro: EL CARMEN
[2026-02-20 12:36:31] [INFO] Archivo validado y agregado: 121305A.xlsm -> Centro: VILLA ALEGRE
[2026-02-20 12:36:31] [INFO] Archivo validado y agregado: 121306A.xlsm -> Centro: SANTA ROSA
[2026-02-20 12:36:31] [INFO] Archivo validado y agregado: 121307A.xlsm -> Centro: AMANECER
[2026-02-20 12:36:31] [INFO] Archivo validado y agregado: 121309A.xlsm -> Centro: PUEBLO NUEVO
[2026-02-20 12:36:31] [INFO] Archivo validado y agregado: 121347A.xlsm -> Centro: PEDRO DE VALDIVIA
[2026-02-20 12:36:31] [INFO] Archivo validado y agregado: 121350A.xlsm -> Centro: LABRANZA
[2026-02-20 12:36:31] [INFO] Archivo validado y agregado: 121352A.xlsm -> Centro: M. VALECH
[2026-02-20 12:36:31] [INFO] Archivo validado y agregado: 121780A.xlsm -> Centro: EL SALAR
[2026-02-20 12:36:31] [INFO] Archivo validado y agregado: 121782A.xlsm -> Centro: ARQUENCO
[2026-02-20 12:36:31] [INFO] Archivo validado y agregado: 121788A.xlsm -> Centro: LAS QUILAS
[2026-02-20 12:36:31] [INFO] Archivo validado y agregado: 200183A.xlsm -> Centro: EL CARMEN
[2026-02-20 12:36:31] [INFO] Total de archivos validos encontrados: 132
[2026-02-20 12:36:35] [INFO] Iniciando escaneo de archivos en: c:\METAS_SANITARIAS_2026_PROYECTO\DATOS\ENTRADA\REM_ANO_ACTUAL\SERIE_P
[2026-02-20 12:36:35] [INFO] Archivo validado y agregado: 121305P.xlsm -> Centro: VILLA ALEGRE
[2026-02-20 12:36:35] [INFO] Archivo validado y agregado: 121306P.xlsm -> Centro: SANTA ROSA
[2026-02-20 12:36:35] [INFO] Archivo validado y agregado: 121307P.xlsm -> Centro: AMANECER
[2026-02-20 12:36:35] [INFO] Archivo validado y agregado: 121309P.xlsm -> Centro: PUEBLO NUEVO
[2026-02-20 12:36:35] [INFO] Archivo validado y agregado: 121347P.xlsm -> Centro: PEDRO DE VALDIVIA
[2026-02-20 12:36:35] [INFO] Archivo validado y agregado: 121350P.xlsm -> Centro: LABRANZA
[2026-02-20 12:36:35] [INFO] Archivo validado y agregado: 121352P.xlsm -> Centro: M. VALECH
[2026-02-20 12:36:35] [INFO] Archivo validado y agregado: 121780P.xlsm -> Centro: EL SALAR
[2026-02-20 12:36:35] [INFO] Archivo validado y agregado: 121782P.xlsm -> Centro: ARQUENCO
[2026-02-20 12:36:35] [INFO] Archivo validado y agregado: 121788P.xlsm -> Centro: LAS QUILAS
[2026-02-20 12:36:35] [INFO] Archivo validado y agregado: 200183P.xlsm -> Centro: EL CARMEN
[2026-02-20 12:36:35] [INFO] Total de archivos validos encontrados: 11
