> names(datos_piv_metas)
 [1] "RUN"                 "DV"                  "FECHA_NACIMIENTO"    "FECHA_CORTE"         "NOMBRE_CENTRO"       "COD_CENTRO"         
 [7] "ACEPTADO_RECHAZADO"  "GENERO"              "TRAMO"               "source_file"         "anio"                "mes"                
[13] "ID_PCTE"             "DSM_TCO"             "GENERO_NORMALIZADO"  "EDAD_EN_FECHA_CORTE" "GRUPO_ETARIO"       
> str(datos_piv_metas)
tibble [226,918 × 17] (S3: tbl_df/tbl/data.frame)
 $ RUN                : chr [1:226918] "27479921" "27489413" "28571422" "28192842" ...
 $ DV                 : chr [1:226918] "8" "K" "2" "2" ...
 $ FECHA_NACIMIENTO   : POSIXct[1:226918], format: "2021-02-25 21:00:00" "2021-03-12 21:00:00" "2024-10-11 21:00:00" "2023-07-12 20:00:00" ...
 $ FECHA_CORTE        : POSIXct[1:226918], format: "2025-09-29 21:00:00" "2025-09-29 21:00:00" "2025-09-29 21:00:00" "2025-09-29 21:00:00" ...
 $ NOMBRE_CENTRO      : chr [1:226918] "CENTRO COMUNITARIO DE SALUD FAMILIAR ARQUENCO" "CENTRO COMUNITARIO DE SALUD FAMILIAR ARQUENCO" "CENTRO COMUNITARIO DE SALUD FAMILIAR ARQUENCO" "CENTRO COMUNITARIO DE SALUD FAMILIAR ARQUENCO" ...
 $ COD_CENTRO         : chr [1:226918] "121782" "121782" "121782" "121782" ...
 $ ACEPTADO_RECHAZADO : chr [1:226918] "ACEPTADO" "ACEPTADO" "ACEPTADO" "ACEPTADO" ...
 $ GENERO             : chr [1:226918] "MUJER" "MUJER" "MUJER" "MUJER" ...
 $ TRAMO              : chr [1:226918] "C" "A" "B" "B" ...
 $ source_file        : chr [1:226918] "Detalle_Arquenco.txt" "Detalle_Arquenco.txt" "Detalle_Arquenco.txt" "Detalle_Arquenco.txt" ...
 $ anio               : int [1:226918] 2025 2025 2025 2025 2025 2025 2025 2025 2025 2025 ...
 $ mes                : int [1:226918] 9 9 9 9 9 9 9 9 9 9 ...
 $ ID_PCTE            : chr [1:226918] "274799218" "27489413K" "285714222" "281928422" ...
 $ DSM_TCO            : chr [1:226918] "SI" "SI" "SI" "SI" ...
 $ GENERO_NORMALIZADO : chr [1:226918] "FEMENINO" "FEMENINO" "FEMENINO" "FEMENINO" ...
 $ EDAD_EN_FECHA_CORTE: int [1:226918] 4 4 1 2 3 3 3 2 2 3 ...
 $ GRUPO_ETARIO       : chr [1:226918] "1 - 4 años" "1 - 4 años" "1 - 4 años" "1 - 4 años" ...
> head(datos_piv_metas)
# A tibble: 6 × 17
  RUN      DV    FECHA_NACIMIENTO    FECHA_CORTE         NOMBRE_CENTRO    COD_CENTRO ACEPTADO_RECHAZADO GENERO TRAMO source_file  anio   mes
  <chr>    <chr> <dttm>              <dttm>              <chr>            <chr>      <chr>              <chr>  <chr> <chr>       <int> <int>
1 27479921 8     2021-02-25 21:00:00 2025-09-29 21:00:00 CENTRO COMUNITA… 121782     ACEPTADO           MUJER  C     Detalle_Ar…  2025     9
2 27489413 K     2021-03-12 21:00:00 2025-09-29 21:00:00 CENTRO COMUNITA… 121782     ACEPTADO           MUJER  A     Detalle_Ar…  2025     9
3 28571422 2     2024-10-11 21:00:00 2025-09-29 21:00:00 CENTRO COMUNITA… 121782     ACEPTADO           MUJER  B     Detalle_Ar…  2025     9
4 28192842 2     2023-07-12 20:00:00 2025-09-29 21:00:00 CENTRO COMUNITA… 121782     ACEPTADO           MUJER  B     Detalle_Ar…  2025     9
5 27736804 8     2022-02-27 21:00:00 2025-09-29 21:00:00 CENTRO COMUNITA… 121782     ACEPTADO           MUJER  A     Detalle_Ar…  2025     9
6 27896769 7     2022-08-18 20:00:00 2025-09-29 21:00:00 CENTRO COMUNITA… 121782     ACEPTADO           MUJER  A     Detalle_Ar…  2025     9
# ℹ 5 more variables: ID_PCTE <chr>, DSM_TCO <chr>, GENERO_NORMALIZADO <chr>, EDAD_EN_FECHA_CORTE <int>, GRUPO_ETARIO <chr>
> tail(datos_piv_metas)
# A tibble: 6 × 17
  RUN     DV    FECHA_NACIMIENTO    FECHA_CORTE         NOMBRE_CENTRO     COD_CENTRO ACEPTADO_RECHAZADO GENERO TRAMO source_file  anio   mes
  <chr>   <chr> <dttm>              <dttm>              <chr>             <chr>      <chr>              <chr>  <chr> <chr>       <int> <int>
1 5360630 K     1944-08-13 20:00:00 2025-09-29 21:00:00 POSTA DE SALUD R… 121463     ACEPTADO           HOMBRE B     Detalle_PS…  2025     9
2 3627923 0     1933-06-25 20:00:00 2025-09-29 21:00:00 POSTA DE SALUD R… 121463     ACEPTADO           HOMBRE B     Detalle_PS…  2025     9
3 5106249 3     1942-06-16 19:00:00 2025-09-29 21:00:00 POSTA DE SALUD R… 121463     ACEPTADO           HOMBRE B     Detalle_PS…  2025     9
4 5222955 3     1943-05-14 20:00:00 2025-09-29 21:00:00 POSTA DE SALUD R… 121463     ACEPTADO           HOMBRE B     Detalle_PS…  2025     9
5 3977741 K     1935-07-23 20:00:00 2025-09-29 21:00:00 POSTA DE SALUD R… 121463     ACEPTADO           HOMBRE B     Detalle_PS…  2025     9
6 5229965 9     1938-02-26 20:00:00 2025-09-29 21:00:00 POSTA DE SALUD R… 121463     ACEPTADO           HOMBRE B     Detalle_PS…  2025     9
# ℹ 5 more variables: ID_PCTE <chr>, DSM_TCO <chr>, GENERO_NORMALIZADO <chr>, EDAD_EN_FECHA_CORTE <int>, GRUPO_ETARIO <chr>
> unique(datos_piv_metas$GRUPO_ETARIO)
 [1] "1 - 4 años"      "10 - 14 años"    "15 - 19 años"    "20 - 24 años"    "25 - 29 años"    "30 - 34 años"    "35 - 39 años"   
 [8] "40 - 44 años"    "45 - 49 años"    "5 - 9 años"      "50 - 54 años"    "55 - 59 años"    "60 - 64 años"    "65 - 69 años"   
[15] "70 - 74 años"    "75 - 79 años"    "80 y mas años"   "Menos de 1 año"  "Sin Información"